160910  3:53:51 [Warning] Using unique option prefix myisam-recover instead of myisam-recover-options is deprecated and will be removed in a future release. Please use the full name instead.
160910  3:53:51 [Note] Plugin 'FEDERATED' is disabled.
160910  3:53:51 InnoDB: The InnoDB memory heap is disabled
160910  3:53:51 InnoDB: Mutexes and rw_locks use GCC atomic builtins
160910  3:53:51 InnoDB: Compressed tables use zlib 1.2.8
160910  3:53:51 InnoDB: Using Linux native AIO
160910  3:53:51 InnoDB: Initializing buffer pool, size = 128.0M
160910  3:53:51 InnoDB: Completed initialization of buffer pool
InnoDB: The first specified data file ./ibdata1 did not exist:
InnoDB: a new database to be created!
160910  3:53:51  InnoDB: Setting file ./ibdata1 size to 10 MB
InnoDB: Database physically writes the file full: wait...
160910  3:53:51  InnoDB: Log file ./ib_logfile0 did not exist: new to be created
InnoDB: Setting log file ./ib_logfile0 size to 5 MB
InnoDB: Database physically writes the file full: wait...
160910  3:53:51  InnoDB: Log file ./ib_logfile1 did not exist: new to be created
InnoDB: Setting log file ./ib_logfile1 size to 5 MB
InnoDB: Database physically writes the file full: wait...
InnoDB: Doublewrite buffer not found: creating new
InnoDB: Doublewrite buffer created
InnoDB: 127 rollback segment(s) active.
InnoDB: Creating foreign key constraint system tables
InnoDB: Foreign key constraint system tables created
160910  3:53:52  InnoDB: Waiting for the background threads to start
160910  3:53:53 InnoDB: 5.5.50 started; log sequence number 0
160910  3:53:53  InnoDB: Starting shutdown...
160910  3:53:54  InnoDB: Shutdown completed; log sequence number 1595675
160910  3:53:54 [Warning] Using unique option prefix myisam-recover instead of myisam-recover-options is deprecated and will be removed in a future release. Please use the full name instead.
160910  3:53:54 [Note] Plugin 'FEDERATED' is disabled.
160910  3:53:54 InnoDB: The InnoDB memory heap is disabled
160910  3:53:54 InnoDB: Mutexes and rw_locks use GCC atomic builtins
160910  3:53:54 InnoDB: Compressed tables use zlib 1.2.8
160910  3:53:54 InnoDB: Using Linux native AIO
160910  3:53:54 InnoDB: Initializing buffer pool, size = 128.0M
160910  3:53:54 InnoDB: Completed initialization of buffer pool
160910  3:53:54 InnoDB: highest supported file format is Barracuda.
160910  3:53:54  InnoDB: Waiting for the background threads to start
160910  3:53:55 InnoDB: 5.5.50 started; log sequence number 1595675
160910  3:53:55  InnoDB: Starting shutdown...
160910  3:53:56  InnoDB: Shutdown completed; log sequence number 1595675
160910  3:53:56 [Warning] Using unique option prefix myisam-recover instead of myisam-recover-options is deprecated and will be removed in a future release. Please use the full name instead.
160910  3:53:56 [Note] Plugin 'FEDERATED' is disabled.
160910  3:53:56 InnoDB: The InnoDB memory heap is disabled
160910  3:53:56 InnoDB: Mutexes and rw_locks use GCC atomic builtins
160910  3:53:56 InnoDB: Compressed tables use zlib 1.2.8
160910  3:53:56 InnoDB: Using Linux native AIO
160910  3:53:56 InnoDB: Initializing buffer pool, size = 128.0M
160910  3:53:56 InnoDB: Completed initialization of buffer pool
160910  3:53:56 InnoDB: highest supported file format is Barracuda.
160910  3:53:56  InnoDB: Waiting for the background threads to start
160910  3:53:57 InnoDB: 5.5.50 started; log sequence number 1595675
ERROR: 1064  You have an error in your SQL syntax; check the manual that corresponds to your MySQL server version for the right syntax to use near 'ALTER TABLE user ADD column Show_view_priv enum('N','Y') CHARACTER SET utf8 NOT ' at line 1
160910  3:53:57 [ERROR] Aborting

160910  3:53:57  InnoDB: Starting shutdown...
160910  3:53:57  InnoDB: Shutdown completed; log sequence number 1595675
160910  3:53:57 [Note] /usr/sbin/mysqld: Shutdown complete

160910  3:53:57 [Warning] Using unique option prefix myisam-recover instead of myisam-recover-options is deprecated and will be removed in a future release. Please use the full name instead.
160910  3:53:57 [Note] Plugin 'FEDERATED' is disabled.
160910  3:53:57 InnoDB: The InnoDB memory heap is disabled
160910  3:53:57 InnoDB: Mutexes and rw_locks use GCC atomic builtins
160910  3:53:57 InnoDB: Compressed tables use zlib 1.2.8
160910  3:53:57 InnoDB: Using Linux native AIO
160910  3:53:57 InnoDB: Initializing buffer pool, size = 128.0M
160910  3:53:57 InnoDB: Completed initialization of buffer pool
160910  3:53:57 InnoDB: highest supported file format is Barracuda.
160910  3:53:57  InnoDB: Waiting for the background threads to start
160910  3:53:58 InnoDB: 5.5.50 started; log sequence number 1595675
160910  3:53:58  InnoDB: Starting shutdown...
160910  3:53:59  InnoDB: Shutdown completed; log sequence number 1595675
160910  3:53:59 [Warning] Using unique option prefix myisam-recover instead of myisam-recover-options is deprecated and will be removed in a future release. Please use the full name instead.
160910  3:53:59 [Note] Plugin 'FEDERATED' is disabled.
160910  3:53:59 InnoDB: The InnoDB memory heap is disabled
160910  3:53:59 InnoDB: Mutexes and rw_locks use GCC atomic builtins
160910  3:53:59 InnoDB: Compressed tables use zlib 1.2.8
160910  3:53:59 InnoDB: Using Linux native AIO
160910  3:53:59 InnoDB: Initializing buffer pool, size = 128.0M
160910  3:53:59 InnoDB: Completed initialization of buffer pool
160910  3:53:59 InnoDB: highest supported file format is Barracuda.
160910  3:53:59  InnoDB: Waiting for the background threads to start
160910  3:54:00 InnoDB: 5.5.50 started; log sequence number 1595675
ERROR: 1050  Table 'plugin' already exists
160910  3:54:00 [ERROR] Aborting

160910  3:54:00  InnoDB: Starting shutdown...
160910  3:54:01  InnoDB: Shutdown completed; log sequence number 1595675
160910  3:54:01 [Note] /usr/sbin/mysqld: Shutdown complete

160910  3:54:01 [Warning] Using unique option prefix myisam-recover instead of myisam-recover-options is deprecated and will be removed in a future release. Please use the full name instead.
160910  3:54:01 [Note] Plugin 'FEDERATED' is disabled.
160910  3:54:01 InnoDB: The InnoDB memory heap is disabled
160910  3:54:01 InnoDB: Mutexes and rw_locks use GCC atomic builtins
160910  3:54:01 InnoDB: Compressed tables use zlib 1.2.8
160910  3:54:01 InnoDB: Using Linux native AIO
160910  3:54:01 InnoDB: Initializing buffer pool, size = 128.0M
160910  3:54:01 InnoDB: Completed initialization of buffer pool
160910  3:54:01 InnoDB: highest supported file format is Barracuda.
160910  3:54:01  InnoDB: Waiting for the background threads to start
160910  3:54:02 InnoDB: 5.5.50 started; log sequence number 1595675
160910  3:54:02 [Note] Server hostname (bind-address): '127.0.0.1'; port: 3306
160910  3:54:02 [Note]   - '127.0.0.1' resolves to '127.0.0.1';
160910  3:54:02 [Note] Server socket created on IP: '127.0.0.1'.
160910  3:54:02 [Note] Event Scheduler: Loaded 0 events
160910  3:54:02 [Note] /usr/sbin/mysqld: ready for connections.
Version: '5.5.50-0ubuntu0.14.04.1'  socket: '/var/run/mysqld/mysqld.sock'  port: 3306  (Ubuntu)
160910  7:40:44 [Note] /usr/sbin/mysqld: Normal shutdown

160910  7:40:44 [Note] Event Scheduler: Purging the queue. 0 events
160910  7:40:44  InnoDB: Starting shutdown...
160910  7:40:45  InnoDB: Shutdown completed; log sequence number 1595685
160910  7:40:45 [Note] /usr/sbin/mysqld: Shutdown complete

160910  7:41:13 [Warning] Using unique option prefix myisam-recover instead of myisam-recover-options is deprecated and will be removed in a future release. Please use the full name instead.
160910  7:41:13 [Note] Plugin 'FEDERATED' is disabled.
160910  7:41:13 InnoDB: The InnoDB memory heap is disabled
160910  7:41:13 InnoDB: Mutexes and rw_locks use GCC atomic builtins
160910  7:41:13 InnoDB: Compressed tables use zlib 1.2.8
160910  7:41:13 InnoDB: Using Linux native AIO
160910  7:41:13 InnoDB: Initializing buffer pool, size = 128.0M
160910  7:41:13 InnoDB: Completed initialization of buffer pool
160910  7:41:13 InnoDB: highest supported file format is Barracuda.
160910  7:41:13  InnoDB: Waiting for the background threads to start
160910  7:41:14 InnoDB: 5.5.50 started; log sequence number 1595685
160910  7:41:14 [Note] Server hostname (bind-address): '127.0.0.1'; port: 3306
160910  7:41:14 [Note]   - '127.0.0.1' resolves to '127.0.0.1';
160910  7:41:14 [Note] Server socket created on IP: '127.0.0.1'.
160910  7:41:14 [Note] Event Scheduler: Loaded 0 events
160910  7:41:14 [Note] /usr/sbin/mysqld: ready for connections.
Version: '5.5.50-0ubuntu0.14.04.1'  socket: '/var/run/mysqld/mysqld.sock'  port: 3306  (Ubuntu)
