2016-09-10 03:54:05,076 CRIT Supervisor running as root (no user in config file)
2016-09-10 03:54:05,097 INFO RPC interface 'supervisor' initialized
2016-09-10 03:54:05,097 CRIT Server 'unix_http_server' running without any HTTP authentication checking
2016-09-10 03:54:05,098 INFO daemonizing the supervisord process
2016-09-10 03:54:05,099 INFO supervisord started with pid 7133
2016-09-10 04:29:07,792 CRIT Supervisor running as root (no user in config file)
2016-09-10 04:29:07,792 INFO RPC interface 'supervisor' initialized
2016-09-10 04:29:07,792 CRIT Server 'unix_http_server' running without any HTTP authentication checking
2016-09-10 04:29:07,792 INFO supervisord started with pid 7133
2016-09-10 04:29:11,358 CRIT Supervisor running as root (no user in config file)
2016-09-10 04:29:11,358 INFO RPC interface 'supervisor' initialized
2016-09-10 04:29:11,358 CRIT Server 'unix_http_server' running without any HTTP authentication checking
2016-09-10 04:29:11,358 INFO supervisord started with pid 7133
2016-09-10 04:29:13,776 CRIT Supervisor running as root (no user in config file)
2016-09-10 04:29:13,776 INFO RPC interface 'supervisor' initialized
2016-09-10 04:29:13,776 CRIT Server 'unix_http_server' running without any HTTP authentication checking
2016-09-10 04:29:13,776 INFO supervisord started with pid 7133
2016-09-10 04:29:17,235 CRIT Supervisor running as root (no user in config file)
2016-09-10 04:29:17,236 INFO RPC interface 'supervisor' initialized
2016-09-10 04:29:17,236 CRIT Server 'unix_http_server' running without any HTTP authentication checking
2016-09-10 04:29:17,236 INFO supervisord started with pid 7133
