AppArmor parser error for /etc/apparmor.d/usr.sbin.mysqld in /etc/apparmor.d/usr.sbin.mysqld at line 44: Could not open 'local/usr.sbin.mysqld'
160910  3:54:01 [Warning] Using unique option prefix key_buffer instead of key_buffer_size is deprecated and will be removed in a future release. Please use the full name instead.
160910  3:54:01 [Note] /usr/sbin/mysqld (mysqld 5.5.50-0ubuntu0.14.04.1) starting as process 6931 ...
/usr/bin/mysqladmin: connect to server at 'localhost' failed
error: 'Can't connect to local MySQL server through socket '/var/run/mysqld/mysqld.sock' (2)'
Check that mysqld is running and that the socket: '/var/run/mysqld/mysqld.sock' exists!
/usr/bin/mysqladmin: connect to server at 'localhost' failed
error: 'Can't connect to local MySQL server through socket '/var/run/mysqld/mysqld.sock' (2)'
Check that mysqld is running and that the socket: '/var/run/mysqld/mysqld.sock' exists!
mysqld is alive
Checking for tables which need an upgrade, are corrupt or were 
not closed cleanly.
160910  7:41:13 [Warning] Using unique option prefix key_buffer instead of key_buffer_size is deprecated and will be removed in a future release. Please use the full name instead.
160910  7:41:13 [Note] /usr/sbin/mysqld (mysqld 5.5.50-0ubuntu0.14.04.1) starting as process 1044 ...
/usr/bin/mysqladmin: connect to server at 'localhost' failed
error: 'Can't connect to local MySQL server through socket '/var/run/mysqld/mysqld.sock' (2)'
Check that mysqld is running and that the socket: '/var/run/mysqld/mysqld.sock' exists!
/usr/bin/mysqladmin: connect to server at 'localhost' failed
error: 'Can't connect to local MySQL server through socket '/var/run/mysqld/mysqld.sock' (2)'
Check that mysqld is running and that the socket: '/var/run/mysqld/mysqld.sock' exists!
mysqld is alive
Checking for tables which need an upgrade, are corrupt or were 
not closed cleanly.
