Cloud-init v. 0.7.5 running 'init-local' at Fri, 09 Sep 2016 08:40:39 +0000. Up 9.69 seconds.
Cloud-init v. 0.7.5 running 'init' at Fri, 09 Sep 2016 08:40:42 +0000. Up 13.29 seconds.
ci-info: ++++++++++++++++++++++++++Net device info+++++++++++++++++++++++++++
ci-info: +--------+------+--------------+---------------+-------------------+
ci-info: | Device |  Up  |   Address    |      Mask     |     Hw-Address    |
ci-info: +--------+------+--------------+---------------+-------------------+
ci-info: |   lo   | True |  127.0.0.1   |   255.0.0.0   |         .         |
ci-info: |  eth0  | True | 172.31.23.55 | 255.255.240.0 | 02:1b:85:f5:bf:95 |
ci-info: +--------+------+--------------+---------------+-------------------+
ci-info: +++++++++++++++++++++++++++++++Route info++++++++++++++++++++++++++++++++
ci-info: +-------+-------------+-------------+---------------+-----------+-------+
ci-info: | Route | Destination |   Gateway   |    Genmask    | Interface | Flags |
ci-info: +-------+-------------+-------------+---------------+-----------+-------+
ci-info: |   0   |   0.0.0.0   | 172.31.16.1 |    0.0.0.0    |    eth0   |   UG  |
ci-info: |   1   | 172.31.16.0 |   0.0.0.0   | 255.255.240.0 |    eth0   |   U   |
ci-info: +-------+-------------+-------------+---------------+-----------+-------+
Generating public/private rsa key pair.
Your identification has been saved in /etc/ssh/ssh_host_rsa_key.
Your public key has been saved in /etc/ssh/ssh_host_rsa_key.pub.
The key fingerprint is:
b7:a2:a8:ae:ef:84:a5:f9:86:59:7b:15:96:79:73:95 root@ip-172-31-23-55
The key's randomart image is:
+--[ RSA 2048]----+
|             .   |
|            E    |
|       o   .     |
|      = o .      |
|  .  . oSo.      |
| =.   .  . .     |
|++.. .  . .      |
|ooo .. . .       |
|.**o. .          |
+-----------------+
Generating public/private dsa key pair.
Your identification has been saved in /etc/ssh/ssh_host_dsa_key.
Your public key has been saved in /etc/ssh/ssh_host_dsa_key.pub.
The key fingerprint is:
04:ae:57:83:6e:00:6d:18:53:3b:24:bc:5f:fb:ca:44 root@ip-172-31-23-55
The key's randomart image is:
+--[ DSA 1024]----+
| .==o .          |
|  o=oo o         |
|   o+ o +        |
|  .  =.o .       |
|   ...E.S        |
|    .+.          |
|      ..         |
|     o  .        |
|      o.         |
+-----------------+
Generating public/private ecdsa key pair.
Your identification has been saved in /etc/ssh/ssh_host_ecdsa_key.
Your public key has been saved in /etc/ssh/ssh_host_ecdsa_key.pub.
The key fingerprint is:
d6:7f:cc:27:68:49:48:4f:b0:2f:2a:fe:86:ac:10:54 root@ip-172-31-23-55
The key's randomart image is:
+--[ECDSA  256]---+
|    E     .      |
|   .       o     |
|  .       o .    |
| .       o =     |
|  .     S + +    |
|   .   . . + =   |
|  .  ....   = = .|
|   . .o..  . . o |
|    ...o.        |
+-----------------+
Generating public/private ed25519 key pair.
Your identification has been saved in /etc/ssh/ssh_host_ed25519_key.
Your public key has been saved in /etc/ssh/ssh_host_ed25519_key.pub.
The key fingerprint is:
6d:c1:51:a9:b8:a0:02:5f:d2:29:1b:2f:35:7d:9a:d6 root@ip-172-31-23-55
The key's randomart image is:
+--[ED25519  256--+
|          ....   |
|         . ..    |
|   . o   .o.     |
|. + * o o...     |
| o O o *S.o      |
|  = o + E.       |
|   o .           |
|                 |
|                 |
+-----------------+
Cloud-init v. 0.7.5 running 'modules:config' at Fri, 09 Sep 2016 08:40:48 +0000. Up 18.80 seconds.
Generating locales...
  en_US.UTF-8... up-to-date
Generation complete.
Cloud-init v. 0.7.5 running 'modules:final' at Fri, 09 Sep 2016 08:40:52 +0000. Up 22.71 seconds.
Cloud-init v. 0.7.5 finished at Fri, 09 Sep 2016 08:40:52 +0000. Datasource DataSourceEc2.  Up 22.86 seconds
Cloud-init v. 0.7.5 running 'init-local' at Sat, 10 Sep 2016 07:41:10 +0000. Up 3.58 seconds.
Cloud-init v. 0.7.5 running 'init' at Sat, 10 Sep 2016 07:41:11 +0000. Up 5.51 seconds.
ci-info: ++++++++++++++++++++++++++Net device info+++++++++++++++++++++++++++
ci-info: +--------+------+--------------+---------------+-------------------+
ci-info: | Device |  Up  |   Address    |      Mask     |     Hw-Address    |
ci-info: +--------+------+--------------+---------------+-------------------+
ci-info: |   lo   | True |  127.0.0.1   |   255.0.0.0   |         .         |
ci-info: |  eth0  | True | 172.31.23.55 | 255.255.240.0 | 02:1b:85:f5:bf:95 |
ci-info: +--------+------+--------------+---------------+-------------------+
ci-info: +++++++++++++++++++++++++++++++Route info++++++++++++++++++++++++++++++++
ci-info: +-------+-------------+-------------+---------------+-----------+-------+
ci-info: | Route | Destination |   Gateway   |    Genmask    | Interface | Flags |
ci-info: +-------+-------------+-------------+---------------+-----------+-------+
ci-info: |   0   |   0.0.0.0   | 172.31.16.1 |    0.0.0.0    |    eth0   |   UG  |
ci-info: |   1   | 172.31.16.0 |   0.0.0.0   | 255.255.240.0 |    eth0   |   U   |
ci-info: +-------+-------------+-------------+---------------+-----------+-------+
Cloud-init v. 0.7.5 running 'modules:config' at Sat, 10 Sep 2016 07:41:13 +0000. Up 6.96 seconds.
Cloud-init v. 0.7.5 running 'modules:final' at Sat, 10 Sep 2016 07:41:15 +0000. Up 9.32 seconds.
Cloud-init v. 0.7.5 finished at Sat, 10 Sep 2016 07:41:15 +0000. Datasource DataSourceEc2.  Up 9.39 seconds
